2019-09-12-main-INFO -DBUtil.class:Property File loaded : 
2019-09-12-main-INFO -DBUtil.class:connection Obtained! : com.mysql.jdbc.JDBC4Connection@23ab930d
2019-09-12-main-INFO -DBUtil.class:connection obtained
2019-09-12-main-INFO -DBUtil.class:Property File loaded : 
2019-09-12-main-INFO -DBUtil.class:connection Obtained! : com.mysql.jdbc.JDBC4Connection@23ab930d
2019-09-12-main-INFO -DBUtil.class:connection obtained
2019-09-12-main-ERROR-DBUtil.class:Error in AddAuthor: java.sql.SQLException: Parameter index out of range (3 > number of parameters, which is 2).
2019-09-12-main-INFO -DBUtil.class:Property File loaded : 
2019-09-12-main-INFO -DBUtil.class:connection Obtained! : com.mysql.jdbc.JDBC4Connection@23ab930d
2019-09-12-main-INFO -DBUtil.class:connection obtained
2019-09-12-main-ERROR-DBUtil.class:Error in findAuthor : com.mysql.jdbc.exceptions.jdbc4.MySQLSyntaxErrorException: Unknown column 'authorId' in 'where clause'
2019-09-12-main-INFO -DBUtil.class:Property File loaded : 
2019-09-12-main-INFO -DBUtil.class:connection Obtained! : com.mysql.jdbc.JDBC4Connection@23ab930d
2019-09-12-main-INFO -DBUtil.class:connection obtained
2019-09-13-main-INFO -DBUtil.class:Property File loaded : 
2019-09-13-main-INFO -DBUtil.class:connection Obtained! : com.mysql.jdbc.JDBC4Connection@23ab930d
2019-09-13-main-INFO -DBUtil.class:connection obtained
2019-09-13-main-INFO -DBUtil.class:Property File loaded : 
2019-09-13-main-INFO -DBUtil.class:connection Obtained! : com.mysql.jdbc.JDBC4Connection@23ab930d
2019-09-13-main-INFO -DBUtil.class:connection obtained
